build/app/intermediates/manifest_merge_blame_file/release/processReleaseMainManifest/manifest-merger-blame-release-report.txt
1<?xml version="1.0" encoding="utf-8"?>
2<manifest xmlns:android="http://schemas.android.com/apk/res/android"
3    package="com.cheetah.math.trick.pro"
4    android:versionCode="32"
5    android:versionName="1.0.3" >
6
7    <uses-sdk
8        android:minSdkVersion="21"
9        android:targetSdkVersion="33" />
10
11    <uses-permission android:name="android.permission.INTERNET" />
11-->src/main/AndroidManifest.xml:3:5-66
11-->src/main/AndroidManifest.xml:3:22-64
12    <!-- <uses-permission android:name="android.permission.VIBRATE"/> -->
13    <uses-permission android:name="android.permission.RECEIVE_BOOT_COMPLETED" />
13-->src/main/AndroidManifest.xml:5:5-80
13-->src/main/AndroidManifest.xml:5:22-78
14    <uses-permission android:name="android.permission.WAKE_LOCK" />
14-->src/main/AndroidManifest.xml:6:5-67
14-->src/main/AndroidManifest.xml:6:22-65
15    <uses-permission android:name="android.permission.SCHEDULE_EXACT_ALARM" />
15-->src/main/AndroidManifest.xml:7:5-79
15-->src/main/AndroidManifest.xml:7:22-76
16    <uses-permission android:name="android.permission.USE_FULL_SCREEN_INTENT" />
16-->src/main/AndroidManifest.xml:8:4-80
16-->src/main/AndroidManifest.xml:8:21-77
17    <uses-permission android:name="android.permission.POST_NOTIFICATIONS" />
17-->src/main/AndroidManifest.xml:9:5-76
17-->src/main/AndroidManifest.xml:9:22-74
18    <uses-permission android:name="com.google.android.gms.permission.AD_ID" />
18-->src/main/AndroidManifest.xml:10:5-78
18-->src/main/AndroidManifest.xml:10:22-76
19
20    <queries>
20-->src/main/AndroidManifest.xml:12:5-28:15
21
22        <!-- If your app checks for SMS support -->
23        <intent>
23-->src/main/AndroidManifest.xml:14:9-17:18
24            <action android:name="android.intent.action.VIEW" />
24-->src/main/AndroidManifest.xml:15:13-65
24-->src/main/AndroidManifest.xml:15:21-62
25
26            <data android:scheme="sms" />
26-->src/main/AndroidManifest.xml:16:13-42
26-->src/main/AndroidManifest.xml:16:19-39
27        </intent>
28        <!-- If your app checks for call support -->
29        <intent>
29-->src/main/AndroidManifest.xml:19:9-22:18
30            <action android:name="android.intent.action.VIEW" />
30-->src/main/AndroidManifest.xml:15:13-65
30-->src/main/AndroidManifest.xml:15:21-62
31
32            <data android:scheme="tel" />
32-->src/main/AndroidManifest.xml:16:13-42
32-->src/main/AndroidManifest.xml:16:19-39
33        </intent>
34        <intent>
34-->src/main/AndroidManifest.xml:24:9-27:18
35            <action android:name="android.intent.action.SENDTO" />
35-->src/main/AndroidManifest.xml:25:13-67
35-->src/main/AndroidManifest.xml:25:21-64
36
37            <data android:scheme="mailto" />
37-->src/main/AndroidManifest.xml:16:13-42
37-->src/main/AndroidManifest.xml:16:19-39
38        </intent>
39        <!-- For browser content -->
40        <intent>
40-->[com.google.android.gms:play-services-ads-lite:22.5.0] AndroidManifest.xml:38:9-44:18
41            <action android:name="android.intent.action.VIEW" />
41-->src/main/AndroidManifest.xml:15:13-65
41-->src/main/AndroidManifest.xml:15:21-62
42
43            <category android:name="android.intent.category.BROWSABLE" />
43-->[com.google.firebase:firebase-auth:22.3.0] AndroidManifest.xml:39:17-78
43-->[com.google.firebase:firebase-auth:22.3.0] AndroidManifest.xml:39:27-75
44
45            <data android:scheme="https" />
45-->src/main/AndroidManifest.xml:16:13-42
45-->src/main/AndroidManifest.xml:16:19-39
46        </intent> <!-- End of browser content -->
47        <!-- For CustomTabsService -->
48        <intent>
48-->[com.google.android.gms:play-services-ads-lite:22.5.0] AndroidManifest.xml:47:9-49:18
49            <action android:name="android.support.customtabs.action.CustomTabsService" />
49-->[com.google.android.gms:play-services-ads-lite:22.5.0] AndroidManifest.xml:48:13-90
49-->[com.google.android.gms:play-services-ads-lite:22.5.0] AndroidManifest.xml:48:21-87
50        </intent>
51        <intent>
51-->[androidx.media2:media2-session:1.2.1] AndroidManifest.xml:25:9-27:18
52            <action android:name="android.media.browse.MediaBrowserService" />
52-->[androidx.media2:media2-session:1.2.1] AndroidManifest.xml:26:13-79
52-->[androidx.media2:media2-session:1.2.1] AndroidManifest.xml:26:21-76
53        </intent>
54        <intent>
54-->[androidx.media2:media2-session:1.2.1] AndroidManifest.xml:28:9-30:18
55            <action android:name="androidx.media2.session.MediaSessionService" />
55-->[androidx.media2:media2-session:1.2.1] AndroidManifest.xml:29:13-82
55-->[androidx.media2:media2-session:1.2.1] AndroidManifest.xml:29:21-79
56        </intent>
57        <intent>
57-->[androidx.media2:media2-session:1.2.1] AndroidManifest.xml:31:9-33:18
58            <action android:name="androidx.media2.session.MediaLibraryService" />
58-->[androidx.media2:media2-session:1.2.1] AndroidManifest.xml:32:13-82
58-->[androidx.media2:media2-session:1.2.1] AndroidManifest.xml:32:21-79
59        </intent>
60    </queries>
61
62    <uses-permission android:name="android.permission.ACCESS_NETWORK_STATE" />
62-->[:firebase_messaging] AndroidManifest.xml:9:5-79
62-->[:firebase_messaging] AndroidManifest.xml:9:22-76
63    <uses-permission android:name="android.permission.VIBRATE" />
63-->[:flutter_local_notifications] AndroidManifest.xml:8:5-66
63-->[:flutter_local_notifications] AndroidManifest.xml:8:22-63
64    <uses-permission android:name="com.google.android.providers.gsf.permission.READ_GSERVICES" />
64-->[com.google.android.recaptcha:recaptcha:18.4.0] AndroidManifest.xml:9:5-98
64-->[com.google.android.recaptcha:recaptcha:18.4.0] AndroidManifest.xml:9:22-95
65    <uses-permission android:name="com.google.android.finsky.permission.BIND_GET_INSTALL_REFERRER_SERVICE" />
65-->[com.google.android.gms:play-services-measurement:21.5.0] AndroidManifest.xml:26:5-110
65-->[com.google.android.gms:play-services-measurement:21.5.0] AndroidManifest.xml:26:22-107
66    <uses-permission android:name="android.permission.ACCESS_ADSERVICES_AD_ID" />
66-->[com.google.android.gms:play-services-ads-lite:22.5.0] AndroidManifest.xml:27:5-82
66-->[com.google.android.gms:play-services-ads-lite:22.5.0] AndroidManifest.xml:27:22-79
67    <uses-permission android:name="android.permission.ACCESS_ADSERVICES_ATTRIBUTION" />
67-->[com.google.android.gms:play-services-ads-lite:22.5.0] AndroidManifest.xml:28:5-88
67-->[com.google.android.gms:play-services-ads-lite:22.5.0] AndroidManifest.xml:28:22-85
68    <uses-permission android:name="android.permission.ACCESS_ADSERVICES_TOPICS" /> <!-- Required by older versions of Google Play services to create IID tokens -->
68-->[com.google.android.gms:play-services-ads-lite:22.5.0] AndroidManifest.xml:29:5-83
68-->[com.google.android.gms:play-services-ads-lite:22.5.0] AndroidManifest.xml:29:22-80
69    <uses-permission android:name="com.google.android.c2dm.permission.RECEIVE" />
69-->[com.google.firebase:firebase-iid:21.1.0] AndroidManifest.xml:26:5-82
69-->[com.google.firebase:firebase-iid:21.1.0] AndroidManifest.xml:26:22-79
70    <uses-permission android:name="android.permission.FOREGROUND_SERVICE" />
70-->[androidx.work:work-runtime:2.7.0] AndroidManifest.xml:28:5-77
70-->[androidx.work:work-runtime:2.7.0] AndroidManifest.xml:28:22-74
71
72    <permission
72-->[androidx.core:core:1.10.1] AndroidManifest.xml:22:5-24:47
73        android:name="com.cheetah.math.trick.pro.DYNAMIC_RECEIVER_NOT_EXPORTED_PERMISSION"
73-->[androidx.core:core:1.10.1] AndroidManifest.xml:23:9-81
74        android:protectionLevel="signature" />
74-->[androidx.core:core:1.10.1] AndroidManifest.xml:24:9-44
75
76    <uses-permission android:name="com.cheetah.math.trick.pro.DYNAMIC_RECEIVER_NOT_EXPORTED_PERMISSION" />
76-->[androidx.core:core:1.10.1] AndroidManifest.xml:26:5-97
76-->[androidx.core:core:1.10.1] AndroidManifest.xml:26:22-94
77
78    <application
79        android:name="android.app.Application"
79-->src/main/AndroidManifest.xml:33:9-42
80        android:appComponentFactory="androidx.core.app.CoreComponentFactory"
80-->[androidx.core:core:1.10.1] AndroidManifest.xml:28:18-86
81        android:extractNativeLibs="true"
82        android:icon="@mipmap/launcher_icon"
82-->src/main/AndroidManifest.xml:34:9-45
83        android:label="Math Pro " >
83-->src/main/AndroidManifest.xml:32:9-34
84        <property
84-->src/main/AndroidManifest.xml:36:9-39:48
85            android:name="android.adservices.AD_SERVICES_CONFIG"
85-->src/main/AndroidManifest.xml:37:13-65
86            android:resource="@xml/ga_ad_services_config" />
86-->src/main/AndroidManifest.xml:38:13-58
87
88        <provider
89            android:name="androidx.core.content.FileProvider"
89-->src/main/AndroidManifest.xml:42:13-62
90            android:authorities="com.cheetah.math.trick.pro.provider"
90-->src/main/AndroidManifest.xml:43:13-60
91            android:exported="false"
91-->src/main/AndroidManifest.xml:44:13-37
92            android:grantUriPermissions="true" >
92-->src/main/AndroidManifest.xml:45:13-47
93            <meta-data
93-->src/main/AndroidManifest.xml:46:13-48:57
94                android:name="android.support.FILE_PROVIDER_PATHS"
94-->src/main/AndroidManifest.xml:47:17-67
95                android:resource="@xml/provider_paths" />
95-->src/main/AndroidManifest.xml:48:17-55
96        </provider>
97
98        <receiver
98-->src/main/AndroidManifest.xml:50:9-131
99            android:name="com.dexterous.flutterlocalnotifications.ScheduledNotificationReceiver"
99-->src/main/AndroidManifest.xml:50:44-128
100            android:exported="false" />
100-->src/main/AndroidManifest.xml:50:19-43
101        <receiver
101-->src/main/AndroidManifest.xml:51:9-58:20
102            android:name="com.dexterous.flutterlocalnotifications.ScheduledNotificationBootReceiver"
102-->src/main/AndroidManifest.xml:51:44-132
103            android:exported="false" >
103-->src/main/AndroidManifest.xml:51:19-43
104            <intent-filter>
104-->src/main/AndroidManifest.xml:52:13-57:29
105                <action android:name="android.intent.action.BOOT_COMPLETED" />
105-->src/main/AndroidManifest.xml:53:17-78
105-->src/main/AndroidManifest.xml:53:25-76
106                <action android:name="android.intent.action.MY_PACKAGE_REPLACED" />
106-->src/main/AndroidManifest.xml:54:17-83
106-->src/main/AndroidManifest.xml:54:25-81
107                <action android:name="android.intent.action.QUICKBOOT_POWERON" />
107-->src/main/AndroidManifest.xml:55:17-82
107-->src/main/AndroidManifest.xml:55:25-79
108                <action android:name="com.htc.intent.action.QUICKBOOT_POWERON" />
108-->src/main/AndroidManifest.xml:56:17-81
108-->src/main/AndroidManifest.xml:56:25-79
109            </intent-filter>
110        </receiver>
111
112        <meta-data
112-->src/main/AndroidManifest.xml:60:9-62:68
113            android:name="com.google.android.gms.ads.APPLICATION_ID"
113-->src/main/AndroidManifest.xml:61:12-68
114            android:value="ca-app-pub-6812505161150117~1849565806" />
114-->src/main/AndroidManifest.xml:62:12-66
115
116        <activity
116-->src/main/AndroidManifest.xml:64:9-98:20
117            android:name="com.cheetah.math.trick.pro.MainActivity"
117-->src/main/AndroidManifest.xml:68:13-41
118            android:configChanges="orientation|keyboardHidden|keyboard|screenSize|smallestScreenSize|locale|layoutDirection|fontScale|screenLayout|density|uiMode"
118-->src/main/AndroidManifest.xml:72:13-163
119            android:exported="true"
119-->src/main/AndroidManifest.xml:69:13-36
120            android:hardwareAccelerated="true"
120-->src/main/AndroidManifest.xml:73:13-47
121            android:launchMode="singleTop"
121-->src/main/AndroidManifest.xml:70:13-43
122            android:showWhenLocked="true"
122-->src/main/AndroidManifest.xml:65:13-42
123            android:theme="@style/LaunchTheme"
123-->src/main/AndroidManifest.xml:71:13-47
124            android:turnScreenOn="true"
124-->src/main/AndroidManifest.xml:66:13-40
125            android:windowSoftInputMode="adjustResize" >
125-->src/main/AndroidManifest.xml:74:13-55
126
127            <!--
128                 Specifies an Android theme to apply to this Activity as soon as
129                 the Android process has started. This theme is visible to the user
130                 while the Flutter UI initializes. After that, this theme continues
131                 to determine the Window background behind the Flutter UI.
132            -->
133            <meta-data
133-->src/main/AndroidManifest.xml:79:13-82:17
134                android:name="io.flutter.embedding.android.NormalTheme"
134-->src/main/AndroidManifest.xml:80:15-70
135                android:resource="@style/NormalTheme" />
135-->src/main/AndroidManifest.xml:81:15-52
136            <!-- for firebase notification -->
137            <meta-data
137-->src/main/AndroidManifest.xml:84:13-86:51
138                android:name="com.google.firebase.messaging.default_notification_channel_id"
138-->src/main/AndroidManifest.xml:85:17-93
139                android:value="Test_channed_id" />
139-->src/main/AndroidManifest.xml:86:17-48
140
141            <intent-filter>
141-->src/main/AndroidManifest.xml:88:13-91:29
142                <action android:name="android.intent.action.MAIN" />
142-->src/main/AndroidManifest.xml:89:17-68
142-->src/main/AndroidManifest.xml:89:25-66
143
144                <category android:name="android.intent.category.LAUNCHER" />
144-->src/main/AndroidManifest.xml:90:17-76
144-->src/main/AndroidManifest.xml:90:27-74
145            </intent-filter>
146            <intent-filter>
146-->src/main/AndroidManifest.xml:92:13-95:29
147                <action android:name="FLUTTER_NOTIFICATION_CLICK" />
147-->src/main/AndroidManifest.xml:93:17-69
147-->src/main/AndroidManifest.xml:93:25-66
148
149                <category android:name="android.intent.category.DEFAULT" />
149-->src/main/AndroidManifest.xml:94:17-76
149-->src/main/AndroidManifest.xml:94:27-73
150            </intent-filter>
151        </activity>
152        <!--
153             Don't delete the meta-data below.
154             This is used by the Flutter tool to generate GeneratedPluginRegistrant.java
155        -->
156        <meta-data
156-->src/main/AndroidManifest.xml:101:9-103:33
157            android:name="flutterEmbedding"
157-->src/main/AndroidManifest.xml:102:13-44
158            android:value="2" />
158-->src/main/AndroidManifest.xml:103:13-30
159
160        <service
160-->[:firebase_messaging] AndroidManifest.xml:14:9-17:72
161            android:name="io.flutter.plugins.firebase.messaging.FlutterFirebaseMessagingBackgroundService"
161-->[:firebase_messaging] AndroidManifest.xml:15:13-107
162            android:exported="false"
162-->[:firebase_messaging] AndroidManifest.xml:16:13-37
163            android:permission="android.permission.BIND_JOB_SERVICE" />
163-->[:firebase_messaging] AndroidManifest.xml:17:13-69
164        <service
164-->[:firebase_messaging] AndroidManifest.xml:18:9-24:19
165            android:name="io.flutter.plugins.firebase.messaging.FlutterFirebaseMessagingService"
165-->[:firebase_messaging] AndroidManifest.xml:19:13-97
166            android:exported="false" >
166-->[:firebase_messaging] AndroidManifest.xml:20:13-37
167            <intent-filter>
167-->[:firebase_messaging] AndroidManifest.xml:21:13-23:29
168                <action android:name="com.google.firebase.MESSAGING_EVENT" />
168-->[:firebase_messaging] AndroidManifest.xml:22:17-78
168-->[:firebase_messaging] AndroidManifest.xml:22:25-75
169            </intent-filter>
170        </service>
171
172        <receiver
172-->[:firebase_messaging] AndroidManifest.xml:26:9-33:20
173            android:name="io.flutter.plugins.firebase.messaging.FlutterFirebaseMessagingReceiver"
173-->[:firebase_messaging] AndroidManifest.xml:27:13-98
174            android:exported="true"
174-->[:firebase_messaging] AndroidManifest.xml:28:13-36
175            android:permission="com.google.android.c2dm.permission.SEND" >
175-->[:firebase_messaging] AndroidManifest.xml:29:13-73
176            <intent-filter>
176-->[:firebase_messaging] AndroidManifest.xml:30:13-32:29
177                <action android:name="com.google.android.c2dm.intent.RECEIVE" />
177-->[:firebase_messaging] AndroidManifest.xml:31:17-81
177-->[:firebase_messaging] AndroidManifest.xml:31:25-78
178            </intent-filter>
179        </receiver>
180
181        <service
181-->[:firebase_messaging] AndroidManifest.xml:35:9-39:19
182            android:name="com.google.firebase.components.ComponentDiscoveryService"
182-->[:firebase_messaging] AndroidManifest.xml:35:18-89
183            android:directBootAware="true"
183-->[com.google.firebase:firebase-common:20.4.2] AndroidManifest.xml:32:13-43
184            android:exported="false" >
184-->[com.google.firebase:firebase-auth:22.3.0] AndroidManifest.xml:68:13-37
185            <meta-data
185-->[:firebase_messaging] AndroidManifest.xml:36:13-38:85
186                android:name="com.google.firebase.components:io.flutter.plugins.firebase.messaging.FlutterFirebaseAppRegistrar"
186-->[:firebase_messaging] AndroidManifest.xml:37:17-128
187                android:value="com.google.firebase.components.ComponentRegistrar" />
187-->[:firebase_messaging] AndroidManifest.xml:38:17-82
188            <meta-data
188-->[:firebase_crashlytics] AndroidManifest.xml:9:13-11:85
189                android:name="com.google.firebase.components:io.flutter.plugins.firebase.crashlytics.FlutterFirebaseAppRegistrar"
189-->[:firebase_crashlytics] AndroidManifest.xml:10:17-130
190                android:value="com.google.firebase.components.ComponentRegistrar" />
190-->[:firebase_crashlytics] AndroidManifest.xml:11:17-82
191            <meta-data
191-->[:firebase_analytics] AndroidManifest.xml:13:13-15:85
192                android:name="com.google.firebase.components:io.flutter.plugins.firebase.analytics.FlutterFirebaseAppRegistrar"
192-->[:firebase_analytics] AndroidManifest.xml:14:17-128
193                android:value="com.google.firebase.components.ComponentRegistrar" />
193-->[:firebase_analytics] AndroidManifest.xml:15:17-82
194            <meta-data
194-->[:firebase_auth] AndroidManifest.xml:9:13-11:85
195                android:name="com.google.firebase.components:io.flutter.plugins.firebase.auth.FlutterFirebaseAuthRegistrar"
195-->[:firebase_auth] AndroidManifest.xml:10:17-124
196                android:value="com.google.firebase.components.ComponentRegistrar" />
196-->[:firebase_auth] AndroidManifest.xml:11:17-82
197            <meta-data
197-->[:firebase_remote_config] AndroidManifest.xml:9:13-11:85
198                android:name="com.google.firebase.components:io.flutter.plugins.firebase.firebaseremoteconfig.FlutterFirebaseAppRegistrar"
198-->[:firebase_remote_config] AndroidManifest.xml:10:17-139
199                android:value="com.google.firebase.components.ComponentRegistrar" />
199-->[:firebase_remote_config] AndroidManifest.xml:11:17-82
200            <meta-data
200-->[:firebase_core] AndroidManifest.xml:9:13-11:85
201                android:name="com.google.firebase.components:io.flutter.plugins.firebase.core.FlutterFirebaseCoreRegistrar"
201-->[:firebase_core] AndroidManifest.xml:10:17-124
202                android:value="com.google.firebase.components.ComponentRegistrar" />
202-->[:firebase_core] AndroidManifest.xml:11:17-82
203            <meta-data
203-->[com.google.firebase:firebase-auth:22.3.0] AndroidManifest.xml:69:13-71:85
204                android:name="com.google.firebase.components:com.google.firebase.auth.FirebaseAuthRegistrar"
204-->[com.google.firebase:firebase-auth:22.3.0] AndroidManifest.xml:70:17-109
205                android:value="com.google.firebase.components.ComponentRegistrar" />
205-->[com.google.firebase:firebase-auth:22.3.0] AndroidManifest.xml:71:17-82
206            <meta-data
206-->[com.google.firebase:firebase-iid:21.1.0] AndroidManifest.xml:32:13-34:85
207                android:name="com.google.firebase.components:com.google.firebase.iid.Registrar"
207-->[com.google.firebase:firebase-iid:21.1.0] AndroidManifest.xml:33:17-96
208                android:value="com.google.firebase.components.ComponentRegistrar" />
208-->[com.google.firebase:firebase-iid:21.1.0] AndroidManifest.xml:34:17-82
209            <meta-data
209-->[com.google.firebase:firebase-config:21.6.0] AndroidManifest.xml:29:13-31:85
210                android:name="com.google.firebase.components:com.google.firebase.remoteconfig.FirebaseRemoteConfigKtxRegistrar"
210-->[com.google.firebase:firebase-config:21.6.0] AndroidManifest.xml:30:17-128
211                android:value="com.google.firebase.components.ComponentRegistrar" />
211-->[com.google.firebase:firebase-config:21.6.0] AndroidManifest.xml:31:17-82
212            <meta-data
212-->[com.google.firebase:firebase-config:21.6.0] AndroidManifest.xml:32:13-34:85
213                android:name="com.google.firebase.components:com.google.firebase.remoteconfig.RemoteConfigRegistrar"
213-->[com.google.firebase:firebase-config:21.6.0] AndroidManifest.xml:33:17-117
214                android:value="com.google.firebase.components.ComponentRegistrar" />
214-->[com.google.firebase:firebase-config:21.6.0] AndroidManifest.xml:34:17-82
215            <meta-data
215-->[com.google.firebase:firebase-messaging:23.3.1] AndroidManifest.xml:57:13-59:85
216                android:name="com.google.firebase.components:com.google.firebase.messaging.FirebaseMessagingKtxRegistrar"
216-->[com.google.firebase:firebase-messaging:23.3.1] AndroidManifest.xml:58:17-122
217                android:value="com.google.firebase.components.ComponentRegistrar" />
217-->[com.google.firebase:firebase-messaging:23.3.1] AndroidManifest.xml:59:17-82
218            <meta-data
218-->[com.google.firebase:firebase-messaging:23.3.1] AndroidManifest.xml:60:13-62:85
219                android:name="com.google.firebase.components:com.google.firebase.messaging.FirebaseMessagingRegistrar"
219-->[com.google.firebase:firebase-messaging:23.3.1] AndroidManifest.xml:61:17-119
220                android:value="com.google.firebase.components.ComponentRegistrar" />
220-->[com.google.firebase:firebase-messaging:23.3.1] AndroidManifest.xml:62:17-82
221            <meta-data
221-->[com.google.firebase:firebase-crashlytics:18.6.0] AndroidManifest.xml:15:13-17:85
222                android:name="com.google.firebase.components:com.google.firebase.crashlytics.FirebaseCrashlyticsKtxRegistrar"
222-->[com.google.firebase:firebase-crashlytics:18.6.0] AndroidManifest.xml:16:17-126
223                android:value="com.google.firebase.components.ComponentRegistrar" />
223-->[com.google.firebase:firebase-crashlytics:18.6.0] AndroidManifest.xml:17:17-82
224            <meta-data
224-->[com.google.firebase:firebase-crashlytics:18.6.0] AndroidManifest.xml:18:13-20:85
225                android:name="com.google.firebase.components:com.google.firebase.crashlytics.CrashlyticsRegistrar"
225-->[com.google.firebase:firebase-crashlytics:18.6.0] AndroidManifest.xml:19:17-115
226                android:value="com.google.firebase.components.ComponentRegistrar" />
226-->[com.google.firebase:firebase-crashlytics:18.6.0] AndroidManifest.xml:20:17-82
227            <meta-data
227-->[com.google.android.gms:play-services-measurement-api:21.5.0] AndroidManifest.xml:37:13-39:85
228                android:name="com.google.firebase.components:com.google.firebase.analytics.connector.internal.AnalyticsConnectorRegistrar"
228-->[com.google.android.gms:play-services-measurement-api:21.5.0] AndroidManifest.xml:38:17-139
229                android:value="com.google.firebase.components.ComponentRegistrar" />
229-->[com.google.android.gms:play-services-measurement-api:21.5.0] AndroidManifest.xml:39:17-82
230            <meta-data
230-->[com.google.firebase:firebase-sessions:1.2.0] AndroidManifest.xml:29:13-31:85
231                android:name="com.google.firebase.components:com.google.firebase.sessions.FirebaseSessionsRegistrar"
231-->[com.google.firebase:firebase-sessions:1.2.0] AndroidManifest.xml:30:17-117
232                android:value="com.google.firebase.components.ComponentRegistrar" />
232-->[com.google.firebase:firebase-sessions:1.2.0] AndroidManifest.xml:31:17-82
233            <meta-data
233-->[com.google.firebase:firebase-installations:17.2.0] AndroidManifest.xml:15:13-17:85
234                android:name="com.google.firebase.components:com.google.firebase.installations.FirebaseInstallationsKtxRegistrar"
234-->[com.google.firebase:firebase-installations:17.2.0] AndroidManifest.xml:16:17-130
235                android:value="com.google.firebase.components.ComponentRegistrar" />
235-->[com.google.firebase:firebase-installations:17.2.0] AndroidManifest.xml:17:17-82
236            <meta-data
236-->[com.google.firebase:firebase-installations:17.2.0] AndroidManifest.xml:18:13-20:85
237                android:name="com.google.firebase.components:com.google.firebase.installations.FirebaseInstallationsRegistrar"
237-->[com.google.firebase:firebase-installations:17.2.0] AndroidManifest.xml:19:17-127
238                android:value="com.google.firebase.components.ComponentRegistrar" />
238-->[com.google.firebase:firebase-installations:17.2.0] AndroidManifest.xml:20:17-82
239            <meta-data
239-->[com.google.firebase:firebase-common-ktx:20.4.2] AndroidManifest.xml:12:13-14:85
240                android:name="com.google.firebase.components:com.google.firebase.ktx.FirebaseCommonLegacyRegistrar"
240-->[com.google.firebase:firebase-common-ktx:20.4.2] AndroidManifest.xml:13:17-116
241                android:value="com.google.firebase.components.ComponentRegistrar" />
241-->[com.google.firebase:firebase-common-ktx:20.4.2] AndroidManifest.xml:14:17-82
242            <meta-data
242-->[com.google.firebase:firebase-common:20.4.2] AndroidManifest.xml:35:13-37:85
243                android:name="com.google.firebase.components:com.google.firebase.FirebaseCommonKtxRegistrar"
243-->[com.google.firebase:firebase-common:20.4.2] AndroidManifest.xml:36:17-109
244                android:value="com.google.firebase.components.ComponentRegistrar" />
244-->[com.google.firebase:firebase-common:20.4.2] AndroidManifest.xml:37:17-82
245            <meta-data
245-->[com.google.firebase:firebase-abt:21.1.1] AndroidManifest.xml:12:13-14:85
246                android:name="com.google.firebase.components:com.google.firebase.abt.component.AbtRegistrar"
246-->[com.google.firebase:firebase-abt:21.1.1] AndroidManifest.xml:13:17-109
247                android:value="com.google.firebase.components.ComponentRegistrar" />
247-->[com.google.firebase:firebase-abt:21.1.1] AndroidManifest.xml:14:17-82
248            <meta-data
248-->[com.google.firebase:firebase-datatransport:18.1.8] AndroidManifest.xml:27:13-29:85
249                android:name="com.google.firebase.components:com.google.firebase.datatransport.TransportRegistrar"
249-->[com.google.firebase:firebase-datatransport:18.1.8] AndroidManifest.xml:28:17-115
250                android:value="com.google.firebase.components.ComponentRegistrar" />
250-->[com.google.firebase:firebase-datatransport:18.1.8] AndroidManifest.xml:29:17-82
251        </service>
252
253        <provider
253-->[:firebase_messaging] AndroidManifest.xml:41:9-45:38
254            android:name="io.flutter.plugins.firebase.messaging.FlutterFirebaseMessagingInitProvider"
254-->[:firebase_messaging] AndroidManifest.xml:42:13-102
255            android:authorities="com.cheetah.math.trick.pro.flutterfirebasemessaginginitprovider"
255-->[:firebase_messaging] AndroidManifest.xml:43:13-88
256            android:exported="false"
256-->[:firebase_messaging] AndroidManifest.xml:44:13-37
257            android:initOrder="99" />
257-->[:firebase_messaging] AndroidManifest.xml:45:13-35
258
259        <meta-data
259-->[:google_mobile_ads] AndroidManifest.xml:10:9-12:36
260            android:name="io.flutter.embedded_views_preview"
260-->[:google_mobile_ads] AndroidManifest.xml:11:13-61
261            android:value="true" />
261-->[:google_mobile_ads] AndroidManifest.xml:12:13-33
262        <!--
263           Declares a provider which allows us to store files to share in
264           '.../caches/share_plus' and grant the receiving action access
265        -->
266        <provider
266-->[:share_plus] AndroidManifest.xml:13:9-21:20
267            android:name="dev.fluttercommunity.plus.share.ShareFileProvider"
267-->[:share_plus] AndroidManifest.xml:14:13-77
268            android:authorities="com.cheetah.math.trick.pro.flutter.share_provider"
268-->[:share_plus] AndroidManifest.xml:15:13-74
269            android:exported="false"
269-->[:share_plus] AndroidManifest.xml:16:13-37
270            android:grantUriPermissions="true" >
270-->[:share_plus] AndroidManifest.xml:17:13-47
271            <meta-data
271-->src/main/AndroidManifest.xml:46:13-48:57
272                android:name="android.support.FILE_PROVIDER_PATHS"
272-->src/main/AndroidManifest.xml:47:17-67
273                android:resource="@xml/flutter_share_file_paths" />
273-->src/main/AndroidManifest.xml:48:17-55
274        </provider>
275        <!--
276           This manifest declared broadcast receiver allows us to use an explicit
277           Intent when creating a PendingItent to be informed of the user's choice
278        -->
279        <receiver
279-->[:share_plus] AndroidManifest.xml:26:9-32:20
280            android:name="dev.fluttercommunity.plus.share.SharePlusPendingIntent"
280-->[:share_plus] AndroidManifest.xml:27:13-82
281            android:exported="false" >
281-->[:share_plus] AndroidManifest.xml:28:13-37
282            <intent-filter>
282-->[:share_plus] AndroidManifest.xml:29:13-31:29
283                <action android:name="EXTRA_CHOSEN_COMPONENT" />
283-->[:share_plus] AndroidManifest.xml:30:17-65
283-->[:share_plus] AndroidManifest.xml:30:25-62
284            </intent-filter>